info it worked if it ends with ok
info using fhc@0.7.14-167
info using node@v0.8.15
silly config file /Users/raviparupudi/.fhcrc
silly config file /usr/local/etc/fhcrc
silly Handling act request locally
silly url /box/srv/1.1/act/apps/localguidplaceholder/getFarenheitTemp/localguidplaceholder
silly act getFarenheitTemp
silly params { tempInCelsius: 231,
silly params   __fh: 
silly params    { cuid: 'BA9995B084604D86928D111F2C5FB4E8',
silly params      appid: 'localguidplaceholder',
silly params      appkey: 'localappkeyplaceholder',
silly params      destination: 'studio',
silly params      app_version: '0',
silly params      sdk_version: 'FH_HYBRID_SDK/1.0.0' },
silly params   _headers: 
silly params    { host: '127.0.0.1:8888',
silly params      connection: 'keep-alive',
silly params      'content-length': '214',
silly params      origin: 'http://127.0.0.1:8888',
silly params      'x-request-with': 'XMLHttpRequest',
silly params      'user-agent': 'Mozilla/5.0 (Macintosh; Intel Mac OS X 10_8_2) AppleWebKit/537.32 (KHTML, like Gecko) Chrome/27.0.1419.0 Safari/537.32',
silly params      'content-type': 'application/json',
silly params      accept: '*/*',
silly params      referer: 'http://127.0.0.1:8888/',
silly params      'accept-encoding': 'gzip,deflate,sdch',
silly params      'accept-language': 'en-US,en;q=0.8',
silly params      'accept-charset': 'ISO-8859-1,utf-8;q=0.7,*;q=0.3',
silly params      cookie: 'mock_uuid=BA9995B084604D86928D111F2C5FB4E8' } }
ERR! ReferenceError: $fh is not defined
ERR!     at Object.getFarenheitTemp (/Users/raviparupudi/Sites/GitHubWorkspace/SimpleApp/cloud/main.js:58:2)
ERR!     at IncomingMessage.LocalActHandler.handleRequest (/usr/local/lib/node_modules/fh-fhc/lib/local.js:401:22)
ERR!     at IncomingMessage.EventEmitter.emit (events.js:93:17)
ERR!     at IncomingMessage._emitEnd (http.js:366:10)
ERR!     at HTTPParser.parserOnMessageComplete [as onMessageComplete] (http.js:149:23)
ERR!     at Socket.socket.ondata (http.js:1704:22)
ERR!     at TCP.onread (net.js:403:27)
ERR! 
ERR! System Darwin 12.2.1
ERR! command "node" "/usr/local/bin/fhc" "local"
verbose exit [ 1, true ]
